IQ-TREE multicore version 2.0.3 for Linux 64-bit built Apr 26 2020
Developed by Bui Quang Minh, Nguyen Lam Tung, Olga Chernomor,
Heiko Schmidt, Dominik Schrempf, Michael Woodhams.

Host:    Lenovo-B50 (AVX2, FMA3, 7 GB RAM)
Command: iqtree -s isolates_diversity/sfmnpv_genomes_aln.fna -pre isolates_diversity/sfmnpv_genomes -bb 1000 -redo
Seed:    447800 (Using SPRNG - Scalable Parallel Random Number Generator)
Time:    Fri Jun  5 11:06:14 2020
Kernel:  AVX+FMA - 1 threads (4 CPU cores detected)

HINT: Use -nt option to specify number of threads because your CPU has 4 cores!
HINT: -nt AUTO will automatically determine the best number of threads to use.

Reading alignment file isolates_diversity/sfmnpv_genomes_aln.fna ... Fasta format detected
Alignment most likely contains DNA/RNA sequences
Alignment has 6 sequences with 134954 columns, 315 distinct patterns
469 parsimony-informative, 1269 singleton sites, 133216 constant sites
                  Gap/Ambiguity  Composition  p-value
   1  HM595733.1          1.48%    passed     99.76%
   2  EU258200.1          1.77%    passed     99.69%
   3  JF899325.1          5.13%    passed     98.45%
   4  NC_009011.2         2.68%    passed     99.27%
   5  KF891883.1          0.53%    passed     95.72%
   6  sfmnpv_argentina    1.79%    passed     99.78%
****  TOTAL               2.23%  0 sequences failed composition chi2 test (p-value<5%; df=3)
NOTE: minimal branch length is reduced to 0.000000740993 for long alignment

NOTE: Restoring information from model checkpoint file isolates_diversity/sfmnpv_genomes.model.gz

CHECKPOINT: Initial tree restored
Perform fast likelihood tree search using GTR+I+G model...
CHECKPOINT: Tree restored, LogL: -198793.227
NOTE: ModelFinder requires 1 MB RAM!
ModelFinder will test up to 286 DNA models (sample size: 134954) ...
 No. Model         -LnL         df  AIC          AICc         BIC
  1  GTR+F         199195.450   17  398424.899   398424.904   398591.715
  2  GTR+F+I       198663.415   18  397362.829   397362.834   397539.458
  3  GTR+F+G4      198908.694   18  397853.389   397853.394   398030.017
  4  GTR+F+I+G4    198762.068   19  397562.136   397562.142   397748.577
  5  GTR+F+R2      199033.166   19  398104.332   398104.338   398290.773
  6  GTR+F+R3      198810.851   21  397663.702   397663.708   397869.768
  7  GTR+F+R4      198665.205   23  397376.411   397376.419   397602.102
  8  GTR+F+R5      198665.115   25  397380.230   397380.239   397625.547
 15  SYM+I         201246.973   15  402523.945   402523.949   402671.135
 28  TVM+F+I       198664.047   17  397362.093   397362.098   397528.909
 41  TVMe+I        201247.437   14  402522.874   402522.878   402660.252
 54  TIM3+F+I      198664.210   16  397360.421   397360.425   397517.424
 67  TIM3e+I       201252.639   13  402531.278   402531.280   402658.843
 80  TIM2+F+I      198664.246   16  397360.492   397360.496   397517.495
 93  TIM2e+I       201253.095   13  402532.190   402532.192   402659.755
106  TIM+F+I       198664.081   16  397360.161   397360.165   397517.164
119  TIMe+I        201256.256   13  402538.513   402538.515   402666.078
132  TPM3u+F+I     198664.661   15  397359.323   397359.327   397506.513
145  TPM3+F+I      198664.651   15  397359.301   397359.305   397506.492
158  TPM2u+F+I     198664.709   15  397359.419   397359.423   397506.609
171  TPM2+F+I      198664.709   15  397359.419   397359.423   397506.609
184  K3Pu+F+I      198664.677   15  397359.355   397359.358   397506.545
197  K3P+I         201256.745   12  402537.491   402537.493   402655.243
210  TN+F+I        198664.046   15  397358.092   397358.095   397505.282
223  TNe+I         201256.241   12  402536.481   402536.484   402654.234
236  HKY+F+I       198664.672   14  397357.345   397357.348   397494.722
249  K2P+I         201256.695   11  402535.390   402535.392   402643.330
262  F81+F+I       199477.811   13  398981.622   398981.624   399109.187
275  JC+I          202054.644   10  404129.287   404129.289   404227.414
Akaike Information Criterion:           HKY+F+I
Corrected Akaike Information Criterion: HKY+F+I
Bayesian Information Criterion:         HKY+F+I
Best-fit model: HKY+F+I chosen according to BIC

All model information printed to isolates_diversity/sfmnpv_genomes.model.gz
CPU time for ModelFinder: 0.076 seconds (0h:0m:0s)
Wall-clock time for ModelFinder: 0.454 seconds (0h:0m:0s)
Generating 1000 samples for ultrafast bootstrap (seed: 447800)...

NOTE: 1 MB RAM (0 GB) is required!
Estimate model parameters (epsilon = 0.100)
1. Initial log-likelihood: -198664.672
Optimal log-likelihood: -198664.672
Rate parameters:  A-C: 1.00000  A-G: 7.53407  A-T: 1.00000  C-G: 1.00000  C-T: 7.53407  G-T: 1.00000
Base frequencies:  A: 0.300  C: 0.201  G: 0.202  T: 0.297
Proportion of invariable sites: 0.960
Parameters optimization took 1 rounds (0.001 sec)
Computing ML distances based on estimated model parameters... 0.001 sec
Computing BIONJ tree...
0.001 seconds
Log-likelihood of BIONJ tree: -198769.441
--------------------------------------------------------------------
|             INITIALIZING CANDIDATE TREE SET                      |
--------------------------------------------------------------------
Generating 98 parsimony trees... 0.089 second
Computing log-likelihood of 6 initial trees ... 0.002 seconds
Current best score: -198664.672

Do NNI search on 8 best initial trees
Estimate model parameters (epsilon = 0.100)
UPDATE BEST LOG-LIKELIHOOD: -198664.601
Finish initializing candidate tree set (8)
Current best tree score: -198664.601 / CPU time: 0.135
Number of iterations: 8
--------------------------------------------------------------------
|               OPTIMIZING CANDIDATE TREE SET                      |
--------------------------------------------------------------------
Iteration 10 / LogL: -198664.885 / Time: 0h:0m:0s
Iteration 20 / LogL: -198664.601 / Time: 0h:0m:0s
Iteration 30 / LogL: -198664.605 / Time: 0h:0m:0s (0h:0m:0s left)
Iteration 40 / LogL: -198664.675 / Time: 0h:0m:0s (0h:0m:0s left)
Iteration 50 / LogL: -198664.674 / Time: 0h:0m:0s (0h:0m:0s left)
Log-likelihood cutoff on original alignment: -198684.061
Iteration 60 / LogL: -198664.753 / Time: 0h:0m:0s (0h:0m:0s left)
Iteration 70 / LogL: -198664.674 / Time: 0h:0m:0s (0h:0m:0s left)
Iteration 80 / LogL: -198670.475 / Time: 0h:0m:0s (0h:0m:0s left)
Iteration 90 / LogL: -198664.603 / Time: 0h:0m:0s (0h:0m:0s left)
Iteration 100 / LogL: -198664.787 / Time: 0h:0m:1s (0h:0m:0s left)
Log-likelihood cutoff on original alignment: -198683.619
NOTE: Bootstrap correlation coefficient of split occurrence frequencies: 1.000
TREE SEARCH COMPLETED AFTER 101 ITERATIONS / Time: 0h:0m:1s

--------------------------------------------------------------------
|                    FINALIZING TREE SEARCH                        |
--------------------------------------------------------------------
Performs final model parameters optimization
Estimate model parameters (epsilon = 0.010)
1. Initial log-likelihood: -198664.601
Optimal log-likelihood: -198664.601
Rate parameters:  A-C: 1.00000  A-G: 7.53407  A-T: 1.00000  C-G: 1.00000  C-T: 7.53407  G-T: 1.00000
Base frequencies:  A: 0.300  C: 0.201  G: 0.202  T: 0.297
Proportion of invariable sites: 0.960
Parameters optimization took 1 rounds (0.001 sec)
BEST SCORE FOUND : -198664.601
Creating bootstrap support values...
Split supports printed to NEXUS file isolates_diversity/sfmnpv_genomes.splits.nex
Total tree length: 0.017

Total number of iterations: 101
CPU time used for tree search: 0.896 sec (0h:0m:0s)
Wall-clock time used for tree search: 0.977 sec (0h:0m:0s)
Total CPU time used: 0.965 sec (0h:0m:0s)
Total wall-clock time used: 1.077 sec (0h:0m:1s)

Computing bootstrap consensus tree...
Reading input file isolates_diversity/sfmnpv_genomes.splits.nex...
6 taxa and 10 splits.
Consensus tree written to isolates_diversity/sfmnpv_genomes.contree
Reading input trees file isolates_diversity/sfmnpv_genomes.contree
Log-likelihood of consensus tree: -198664.673

Analysis results written to: 
  IQ-TREE report:                isolates_diversity/sfmnpv_genomes.iqtree
  Maximum-likelihood tree:       isolates_diversity/sfmnpv_genomes.treefile
  Likelihood distances:          isolates_diversity/sfmnpv_genomes.mldist

Ultrafast bootstrap approximation results written to:
  Split support values:          isolates_diversity/sfmnpv_genomes.splits.nex
  Consensus tree:                isolates_diversity/sfmnpv_genomes.contree
  Screen log file:               isolates_diversity/sfmnpv_genomes.log

Date and Time: Fri Jun  5 11:06:16 2020
